# JRE version: OpenJDK Runtime Environment (Zulu 8.46.0.19-CA-win64) (8.0_252-b14) (build 1.8.0_252-b14)
# Java VM: OpenJDK 64-Bit Server VM (25.252-b14 mixed mode windows-amd64 compressed oops)
Heap:
 PSYoungGen      total 53248K, used 36007K [0x00000000e0300000, 0x00000000e3b00000, 0x0000000100000000)
  eden space 49152K, 73% used [0x00000000e0300000,0x00000000e2629d28,0x00000000e3300000)
  from space 4096K, 0% used [0x00000000e3700000,0x00000000e3700000,0x00000000e3b00000)
  to   space 4096K, 0% used [0x00000000e3300000,0x00000000e3300000,0x00000000e3700000)
 ParOldGen       total 42496K, used 9851K [0x00000000a0800000, 0x00000000a3180000, 0x00000000e0300000)
  object space 42496K, 23% used [0x00000000a0800000,0x00000000a119ede8,0x00000000a3180000)
 Metaspace       used 33177K, capacity 34438K, committed 34560K, reserved 1079296K
  class space    used 4571K, capacity 4803K, committed 4864K, reserved 1048576K
GC Heap History (10 events):
Event: 6.856 GC heap before
{Heap before GC invocations=4 (full 0):
 PSYoungGen      total 53248K, used 37254K [0x00000000e0300000, 0x00000000e3b00000, 0x0000000100000000)
  eden space 49152K, 67% used [0x00000000e0300000,0x00000000e2367b88,0x00000000e3300000)
  from space 4096K, 99% used [0x00000000e3300000,0x00000000e36f9e08,0x00000000e3700000)
  to   space 4096K, 0% used [0x00000000e3700000,0x00000000e3700000,0x00000000e3b00000)
 ParOldGen       total 65536K, used 752K [0x00000000a0800000, 0x00000000a4800000, 0x00000000e0300000)
  object space 65536K, 1% used [0x00000000a0800000,0x00000000a08bc378,0x00000000a4800000)
 Metaspace       used 17841K, capacity 18516K, committed 18688K, reserved 1069056K
  class space    used 2313K, capacity 2480K, committed 2560K, reserved 1048576K
Event: 6.876 GC heap after
Heap after GC invocations=4 (full 0):
 PSYoungGen      total 53248K, used 4088K [0x00000000e0300000, 0x00000000e3b00000, 0x0000000100000000)
  eden space 49152K, 0% used [0x00000000e0300000,0x00000000e0300000,0x00000000e3300000)
  from space 4096K, 99% used [0x00000000e3700000,0x00000000e3afe3e0,0x00000000e3b00000)
  to   space 4096K, 0% used [0x00000000e3300000,0x00000000e3300000,0x00000000e3700000)
 ParOldGen       total 65536K, used 4498K [0x00000000a0800000, 0x00000000a4800000, 0x00000000e0300000)
  object space 65536K, 6% used [0x00000000a0800000,0x00000000a0c64a38,0x00000000a4800000)
 Metaspace       used 17841K, capacity 18516K, committed 18688K, reserved 1069056K
  class space    used 2313K, capacity 2480K, committed 2560K, reserved 1048576K
}
Event: 6.876 GC heap before
{Heap before GC invocations=5 (full 1):
 PSYoungGen      total 53248K, used 4088K [0x00000000e0300000, 0x00000000e3b00000, 0x0000000100000000)
  eden space 49152K, 0% used [0x00000000e0300000,0x00000000e0300000,0x00000000e3300000)
  from space 4096K, 99% used [0x00000000e3700000,0x00000000e3afe3e0,0x00000000e3b00000)
  to   space 4096K, 0% used [0x00000000e3300000,0x00000000e3300000,0x00000000e3700000)
 ParOldGen       total 65536K, used 4498K [0x00000000a0800000, 0x00000000a4800000, 0x00000000e0300000)
  object space 65536K, 6% used [0x00000000a0800000,0x00000000a0c64a38,0x00000000a4800000)
 Metaspace       used 17841K, capacity 18516K, committed 18688K, reserved 1069056K
  class space    used 2313K, capacity 2480K, committed 2560K, reserved 1048576K
Event: 6.973 GC heap after
Heap after GC invocations=5 (full 1):
 PSYoungGen      total 53248K, used 0K [0x00000000e0300000, 0x00000000e3b00000, 0x0000000100000000)
  eden space 49152K, 0% used [0x00000000e0300000,0x00000000e0300000,0x00000000e3300000)
  from space 4096K, 0% used [0x00000000e3700000,0x00000000e3700000,0x00000000e3b00000)
  to   space 4096K, 0% used [0x00000000e3300000,0x00000000e3300000,0x00000000e3700000)
 ParOldGen       total 42496K, used 7614K [0x00000000a0800000, 0x00000000a3180000, 0x00000000e0300000)
  object space 42496K, 17% used [0x00000000a0800000,0x00000000a0f6faa0,0x00000000a3180000)
 Metaspace       used 17841K, capacity 18516K, committed 18688K, reserved 1067008K
  class space    used 2313K, capacity 2480K, committed 2560K, reserved 1048576K
}
Event: 9.081 GC heap before
{Heap before GC invocations=6 (full 1):
 PSYoungGen      total 53248K, used 49152K [0x00000000e0300000, 0x00000000e3b00000, 0x0000000100000000)
  eden space 49152K, 100% used [0x00000000e0300000,0x00000000e3300000,0x00000000e3300000)
  from space 4096K, 0% used [0x00000000e3700000,0x00000000e3700000,0x00000000e3b00000)
  to   space 4096K, 0% used [0x00000000e3300000,0x00000000e3300000,0x00000000e3700000)
 ParOldGen       total 42496K, used 7614K [0x00000000a0800000, 0x00000000a3180000, 0x00000000e0300000)
  object space 42496K, 17% used [0x00000000a0800000,0x00000000a0f6faa0,0x00000000a3180000)
 Metaspace       used 26567K, capacity 27324K, committed 27904K, reserved 1073152K
  class space    used 3543K, capacity 3724K, committed 3840K, reserved 1048576K
Event: 9.095 GC heap after
Heap after GC invocations=6 (full 1):
 PSYoungGen      total 53248K, used 4094K [0x00000000e0300000, 0x00000000e3b00000, 0x0000000100000000)
  eden space 49152K, 0% used [0x00000000e0300000,0x00000000e0300000,0x00000000e3300000)
  from space 4096K, 99% used [0x00000000e3300000,0x00000000e36ffa08,0x00000000e3700000)
  to   space 4096K, 0% used [0x00000000e3700000,0x00000000e3700000,0x00000000e3b00000)
 ParOldGen       total 42496K, used 11086K [0x00000000a0800000, 0x00000000a3180000, 0x00000000e0300000)
  object space 42496K, 26% used [0x00000000a0800000,0x00000000a12d3b70,0x00000000a3180000)
 Metaspace       used 26567K, capacity 27324K, committed 27904K, reserved 1073152K
  class space    used 3543K, capacity 3724K, committed 3840K, reserved 1048576K
}
Event: 9.932 GC heap before
{Heap before GC invocations=7 (full 1):
 PSYoungGen      total 53248K, used 36202K [0x00000000e0300000, 0x00000000e3b00000, 0x0000000100000000)
  eden space 49152K, 65% used [0x00000000e0300000,0x00000000e225af70,0x00000000e3300000)
  from space 4096K, 99% used [0x00000000e3300000,0x00000000e36ffa08,0x00000000e3700000)
  to   space 4096K, 0% used [0x00000000e3700000,0x00000000e3700000,0x00000000e3b00000)
 ParOldGen       total 42496K, used 11086K [0x00000000a0800000, 0x00000000a3180000, 0x00000000e0300000)
  object space 42496K, 26% used [0x00000000a0800000,0x00000000a12d3b70,0x00000000a3180000)
 Metaspace       used 30087K, capacity 30824K, committed 31148K, reserved 1077248K
  class space    used 4161K, capacity 4322K, committed 4352K, reserved 1048576K
Event: 9.945 GC heap after
Heap after GC invocations=7 (full 1):
 PSYoungGen      total 53248K, used 4070K [0x00000000e0300000, 0x00000000e3b00000, 0x0000000100000000)
  eden space 49152K, 0% used [0x00000000e0300000,0x00000000e0300000,0x00000000e3300000)
  from space 4096K, 99% used [0x00000000e3700000,0x00000000e3af9ab8,0x00000000e3b00000)
  to   space 4096K, 0% used [0x00000000e3300000,0x00000000e3300000,0x00000000e3700000)
 ParOldGen       total 42496K, used 12920K [0x00000000a0800000, 0x00000000a3180000, 0x00000000e0300000)
  object space 42496K, 30% used [0x00000000a0800000,0x00000000a149e108,0x00000000a3180000)
 Metaspace       used 30087K, capacity 30824K, committed 31148K, reserved 1077248K
  class space    used 4161K, capacity 4322K, committed 4352K, reserved 1048576K
}
Event: 9.945 GC heap before
{Heap before GC invocations=8 (full 2):
 PSYoungGen      total 53248K, used 4070K [0x00000000e0300000, 0x00000000e3b00000, 0x0000000100000000)
  eden space 49152K, 0% used [0x00000000e0300000,0x00000000e0300000,0x00000000e3300000)
  from space 4096K, 99% used [0x00000000e3700000,0x00000000e3af9ab8,0x00000000e3b00000)
  to   space 4096K, 0% used [0x00000000e3300000,0x00000000e3300000,0x00000000e3700000)
 ParOldGen       total 42496K, used 12920K [0x00000000a0800000, 0x00000000a3180000, 0x00000000e0300000)
  object space 42496K, 30% used [0x00000000a0800000,0x00000000a149e108,0x00000000a3180000)
 Metaspace       used 30087K, capacity 30824K, committed 31148K, reserved 1077248K
  class space    used 4161K, capacity 4322K, committed 4352K, reserved 1048576K
Event: 10.040 GC heap after
Heap after GC invocations=8 (full 2):
 PSYoungGen      total 53248K, used 0K [0x00000000e0300000, 0x00000000e3b00000, 0x0000000100000000)
  eden space 49152K, 0% used [0x00000000e0300000,0x00000000e0300000,0x00000000e3300000)
  from space 4096K, 0% used [0x00000000e3700000,0x00000000e3700000,0x00000000e3b00000)
  to   space 4096K, 0% used [0x00000000e3300000,0x00000000e3300000,0x00000000e3700000)
 ParOldGen       total 42496K, used 9851K [0x00000000a0800000, 0x00000000a3180000, 0x00000000e0300000)
  object space 42496K, 23% used [0x00000000a0800000,0x00000000a119ede8,0x00000000a3180000)
 Metaspace       used 30087K, capacity 30824K, committed 31148K, reserved 1077248K
  class space    used 4161K, capacity 4322K, committed 4352K, reserved 1048576K
}

